<?xml version="1.0" encoding="UTF-8" ?>
<testsuite tests="1" failures="0" name="my.spring.server.test.ConfigTest" time="0.136" errors="0" skipped="0">
  <properties>
    <property name="java.runtime.name" value="Java(TM) SE Runtime Environment"/>
    <property name="sun.boot.library.path" value="C:\Java\x86_64\jdk1.8.0_40\jre\bin"/>
    <property name="java.vm.version" value="25.40-b25"/>
    <property name="java.vm.vendor" value="Oracle Corporation"/>
    <property name="maven.multiModuleProjectDirectory" value="E:\mywork\nio.spring\nio.spring-boot.mybatis"/>
    <property name="java.vendor.url" value="http://java.oracle.com/"/>
    <property name="path.separator" value=";"/>
    <property name="guice.disable.misplaced.annotation.check" value="true"/>
    <property name="java.vm.name" value="Java HotSpot(TM) 64-Bit Server VM"/>
    <property name="file.encoding.pkg" value="sun.io"/>
    <property name="user.script" value=""/>
    <property name="user.country" value="RU"/>
    <property name="sun.java.launcher" value="SUN_STANDARD"/>
    <property name="sun.os.patch.level" value="Service Pack 1"/>
    <property name="java.vm.specification.name" value="Java Virtual Machine Specification"/>
    <property name="user.dir" value="E:\mywork\nio.spring\nio.spring-boot.mybatis"/>
    <property name="java.runtime.version" value="1.8.0_40-b26"/>
    <property name="java.awt.graphicsenv" value="sun.awt.Win32GraphicsEnvironment"/>
    <property name="java.endorsed.dirs" value="C:\Java\x86_64\jdk1.8.0_40\jre\lib\endorsed"/>
    <property name="os.arch" value="amd64"/>
    <property name="java.io.tmpdir" value="C:\Users\836D~1\AppData\Local\Temp\"/>
    <property name="line.separator" value="
"/>
    <property name="java.vm.specification.vendor" value="Oracle Corporation"/>
    <property name="user.variant" value=""/>
    <property name="os.name" value="Windows Server 2008 R2"/>
    <property name="classworlds.conf" value="E:\mywork\nio.spring\.metadata\.plugins\org.eclipse.m2e.launching\launches\m2conf876933996320688643.tmp"/>
    <property name="sun.jnu.encoding" value="Cp1251"/>
    <property name="java.library.path" value="C:\Java\x86_64\jdk1.8.0_40\bin;C:\Windows\Sun\Java\bin;C:\Windows\system32;C:\Windows;C:/Java/x86_64/jdk1.8.0_40/bin/../jre/bin/server;C:/Java/x86_64/jdk1.8.0_40/bin/../jre/bin;C:/Java/x86_64/jdk1.8.0_40/bin/../jre/lib/amd64;C:\oraclexe\app\oracle\product\11.2.0\server\bin;;C:\Program Files\Common Files\Microsoft Shared\Windows Live;C:\Program Files (x86)\Common Files\Microsoft Shared\Windows Live;C:\Windows\system32;C:\Windows;C:\Windows\System32\Wbem;C:\Windows\System32\WindowsPowerShell\v1.0\;C:\Program Files (x86)\ATI Technologies\ATI.ACE\Core-Static;C:\Java\x86_64\jdk1.8.0_40\bin;C:\Development\apache-ant-1.9.4\bin;C:\Development\apache-maven-3.3.3\bin;C:\Program Files (x86)\Git\cmd;C:\Program Files\Microsoft\Web Platform Installer\;C:\Program Files (x86)\Microsoft ASP.NET\ASP.NET Web Pages\v1.0\;C:\Program Files\Microsoft SQL Server\110\Tools\Binn\;C:\MinGW\bin;C:\Mingw-w64\x86_64-4.9.0-win32-seh-rt_v3-rev2\mingw64\bin;C:\Program Files (x86)\Windows Live\Shared;C:\Program Files (x86)\Inno Setup 5;C:\Program Files\PostgreSQL\9.3\bin;C:\Development\apache-maven-3.3.3\bin;C:\Program Files (x86)\WinMerge;C:\Program Files (x86)\Skype\Phone\;C:\MinGW\bin;C:\Development\gradle-2.4\bin;C:\Development\sts-3.7.0.RELEASE;;."/>
    <property name="java.specification.name" value="Java Platform API Specification"/>
    <property name="java.class.version" value="52.0"/>
    <property name="sun.management.compiler" value="HotSpot 64-Bit Tiered Compilers"/>
    <property name="os.version" value="6.1"/>
    <property name="user.home" value="C:\Users\Администратор"/>
    <property name="user.timezone" value="Asia/Riyadh"/>
    <property name="java.awt.printerjob" value="sun.awt.windows.WPrinterJob"/>
    <property name="java.specification.version" value="1.8"/>
    <property name="file.encoding" value="UTF-8"/>
    <property name="user.name" value="Администратор"/>
    <property name="java.class.path" value="/C:/Development/sts-3.7.0.RELEASE/plugins/org.eclipse.m2e.maven.runtime_1.6.1.20150625-2337/jars/plexus-classworlds-2.5.2.jar"/>
    <property name="java.vm.specification.version" value="1.8"/>
    <property name="sun.arch.data.model" value="64"/>
    <property name="java.home" value="C:\Java\x86_64\jdk1.8.0_40\jre"/>
    <property name="sun.java.command" value="org.codehaus.plexus.classworlds.launcher.Launcher -B clean package"/>
    <property name="java.specification.vendor" value="Oracle Corporation"/>
    <property name="user.language" value="ru"/>
    <property name="awt.toolkit" value="sun.awt.windows.WToolkit"/>
    <property name="java.vm.info" value="mixed mode"/>
    <property name="java.version" value="1.8.0_40"/>
    <property name="java.ext.dirs" value="C:\Java\x86_64\jdk1.8.0_40\jre\lib\ext;C:\Windows\Sun\Java\lib\ext"/>
    <property name="sun.boot.class.path" value="C:\Java\x86_64\jdk1.8.0_40\jre\lib\resources.jar;C:\Java\x86_64\jdk1.8.0_40\jre\lib\rt.jar;C:\Java\x86_64\jdk1.8.0_40\jre\lib\sunrsasign.jar;C:\Java\x86_64\jdk1.8.0_40\jre\lib\jsse.jar;C:\Java\x86_64\jdk1.8.0_40\jre\lib\jce.jar;C:\Java\x86_64\jdk1.8.0_40\jre\lib\charsets.jar;C:\Java\x86_64\jdk1.8.0_40\jre\lib\jfr.jar;C:\Java\x86_64\jdk1.8.0_40\jre\classes"/>
    <property name="java.vendor" value="Oracle Corporation"/>
    <property name="maven.home" value="E:\mywork\nio.spring\nio.spring-boot.mybatis\EMBEDDED"/>
    <property name="file.separator" value="\"/>
    <property name="java.vendor.url.bug" value="http://bugreport.sun.com/bugreport/"/>
    <property name="sun.cpu.endian" value="little"/>
    <property name="sun.io.unicode.encoding" value="UnicodeLittle"/>
    <property name="sun.desktop" value="windows"/>
    <property name="sun.cpu.isalist" value="amd64"/>
  </properties>
  <testcase classname="my.spring.server.test.ConfigTest" name="testParseCLI" time="0.136"/>
</testsuite>